<?xml version="1.0" encoding="UTF-8"?>
<testng-results ignored="0" total="1" passed="1" failed="0" skipped="0">
  <reporter-output>
  </reporter-output>
  <suite started-at="2025-09-13T01:15:29 IST" name="Default suite" finished-at="2025-09-13T01:15:39 IST" duration-ms="9198">
    <groups>
    </groups>
    <test started-at="2025-09-13T01:15:29 IST" name="Default test" finished-at="2025-09-13T01:15:39 IST" duration-ms="9198">
      <class name="tutorialsninja.register.TC_RF_003">
        <test-method signature="verifyRegisterAccountWithAllFields()[pri:0, instance:tutorialsninja.register.TC_RF_003@5b12b668]" started-at="2025-09-13T01:15:29 IST" name="verifyRegisterAccountWithAllFields" finished-at="2025-09-13T01:15:39 IST" duration-ms="9108" status="PASS">
          <reporter-output>
          </reporter-output>
        </test-method> <!-- verifyRegisterAccountWithAllFields -->
      </class> <!-- tutorialsninja.register.TC_RF_003 -->
    </test> <!-- Default test -->
  </suite> <!-- Default suite -->
</testng-results>
